{
  "numFailedTestSuites": 5,
  "numFailedTests": 8,
  "numPassedTestSuites": 45,
  "numPassedTests": 1294,
  "numPendingTestSuites": 0,
  "numPendingTests": 7,
  "numRuntimeErrorTestSuites": 0,
  "numTodoTests": 0,
  "numTotalTestSuites": 50,
  "numTotalTests": 1309,
  "openHandles": [],
  "snapshot": {
    "added": 0,
    "didUpdate": false,
    "failure": false,
    "filesAdded": 0,
    "filesRemoved": 0,
    "filesRemovedList": [],
    "filesUnmatched": 0,
    "filesUpdated": 0,
    "matched": 0,
    "total": 0,
    "unchecked": 0,
    "uncheckedKeysByFile": [],
    "unmatched": 0,
    "updated": 0
  },
  "startTime": 1763276849738,
  "success": false,
  "testResults": [
    {
      "assertionResults": [
        {
          "ancestorTitles": ["useHealth (MSW)", "healthKeys query key factory"],
          "duration": 8,
          "failureDetails": [],
          "failureMessages": [],
          "fullName": "useHealth (MSW) healthKeys query key factory should generate correct query keys",
          "invocations": 1,
          "location": null,
          "numPassingAsserts": 2,
          "retryReasons": [],
          "status": "passed",
          "title": "should generate correct query keys"
        },
        {
          "ancestorTitles": ["useHealth (MSW)", "useHealth - fetch health status"],
          "duration": 303,
          "failureDetails": [],
          "failureMessages": [],
          "fullName": "useHealth (MSW) useHealth - fetch health status should fetch health status successfully",
          "invocations": 1,
          "location": null,
          "numPassingAsserts": 7,
          "retryReasons": [],
          "status": "passed",
          "title": "should fetch health status successfully"
        },
        {
          "ancestorTitles": ["useHealth (MSW)", "useHealth - fetch health status"],
          "duration": 58,
          "failureDetails": [],
          "failureMessages": [],
          "fullName": "useHealth (MSW) useHealth - fetch health status should handle degraded health status",
          "invocations": 1,
          "location": null,
          "numPassingAsserts": 4,
          "retryReasons": [],
          "status": "passed",
          "title": "should handle degraded health status"
        },
        {
          "ancestorTitles": ["useHealth (MSW)", "useHealth - fetch health status"],
          "duration": 61,
          "failureDetails": [],
          "failureMessages": [],
          "fullName": "useHealth (MSW) useHealth - fetch health status should handle unhealthy status",
          "invocations": 1,
          "location": null,
          "numPassingAsserts": 4,
          "retryReasons": [],
          "status": "passed",
          "title": "should handle unhealthy status"
        },
        {
          "ancestorTitles": ["useHealth (MSW)", "useHealth - fetch health status"],
          "duration": 144,
          "failureDetails": [],
          "failureMessages": [],
          "fullName": "useHealth (MSW) useHealth - fetch health status should handle server error (500)",
          "invocations": 1,
          "location": null,
          "numPassingAsserts": 4,
          "retryReasons": [],
          "status": "passed",
          "title": "should handle server error (500)"
        },
        {
          "ancestorTitles": ["useHealth (MSW)", "useHealth - fetch health status"],
          "duration": 71,
          "failureDetails": [],
          "failureMessages": [],
          "fullName": "useHealth (MSW) useHealth - fetch health status should handle forbidden error (403)",
          "invocations": 1,
          "location": null,
          "numPassingAsserts": 4,
          "retryReasons": [],
          "status": "passed",
          "title": "should handle forbidden error (403)"
        },
        {
          "ancestorTitles": ["useHealth (MSW)", "useHealth - refresh functionality"],
          "duration": 139,
          "failureDetails": [],
          "failureMessages": [],
          "fullName": "useHealth (MSW) useHealth - refresh functionality should refresh health data",
          "invocations": 1,
          "location": null,
          "numPassingAsserts": 3,
          "retryReasons": [],
          "status": "passed",
          "title": "should refresh health data"
        },
        {
          "ancestorTitles": ["useHealth (MSW)", "Real-world scenarios"],
          "duration": 56,
          "failureDetails": [],
          "failureMessages": [],
          "fullName": "useHealth (MSW) Real-world scenarios should handle multiple services with mixed health",
          "invocations": 1,
          "location": null,
          "numPassingAsserts": 5,
          "retryReasons": [],
          "status": "passed",
          "title": "should handle multiple services with mixed health"
        },
        {
          "ancestorTitles": ["useHealth (MSW)", "Real-world scenarios"],
          "duration": 60,
          "failureDetails": [],
          "failureMessages": [],
          "fullName": "useHealth (MSW) Real-world scenarios should handle services with uptime metrics",
          "invocations": 1,
          "location": null,
          "numPassingAsserts": 5,
          "retryReasons": [],
          "status": "passed",
          "title": "should handle services with uptime metrics"
        },
        {
          "ancestorTitles": ["useHealth (MSW)", "Real-world scenarios"],
          "duration": 58,
          "failureDetails": [],
          "failureMessages": [],
          "fullName": "useHealth (MSW) Real-world scenarios should handle health check with version information",
          "invocations": 1,
          "location": null,
          "numPassingAsserts": 3,
          "retryReasons": [],
          "status": "passed",
          "title": "should handle health check with version information"
        },
        {
          "ancestorTitles": ["useHealth (MSW)", "Real-world scenarios"],
          "duration": 57,
          "failureDetails": [],
          "failureMessages": [],
          "fullName": "useHealth (MSW) Real-world scenarios should distinguish between required and optional services",
          "invocations": 1,
          "location": null,
          "numPassingAsserts": 4,
          "retryReasons": [],
          "status": "passed",
          "title": "should distinguish between required and optional services"
        },
        {
          "ancestorTitles": ["useHealth (MSW)", "Real-world scenarios"],
          "duration": 177,
          "failureDetails": [],
          "failureMessages": [],
          "fullName": "useHealth (MSW) Real-world scenarios should handle rapid health status changes",
          "invocations": 1,
          "location": null,
          "numPassingAsserts": 4,
          "retryReasons": [],
          "status": "passed",
          "title": "should handle rapid health status changes"
        }
      ],
      "endTime": 1763276857349,
      "message": "",
      "name": "/Users/michaelayoade/Downloads/Projects/dotmac-ftth-ops/frontend/apps/isp-ops-app/hooks/__tests__/useHealth.msw.test.tsx",
      "startTime": 1763276851799,
      "status": "passed",
      "summary": ""
    },
    {
      "assertionResults": [
        {
          "ancestorTitles": ["useIntegrations (MSW)", "useIntegrations - fetch all integrations"],
          "duration": 268,
          "failureDetails": [],
          "failureMessages": [],
          "fullName": "useIntegrations (MSW) useIntegrations - fetch all integrations should fetch integrations successfully",
          "invocations": 1,
          "location": null,
          "numPassingAsserts": 7,
          "retryReasons": [],
          "status": "passed",
          "title": "should fetch integrations successfully"
        },
        {
          "ancestorTitles": ["useIntegrations (MSW)", "useIntegrations - fetch all integrations"],
          "duration": 56,
          "failureDetails": [],
          "failureMessages": [],
          "fullName": "useIntegrations (MSW) useIntegrations - fetch all integrations should handle empty integrations list",
          "invocations": 1,
          "location": null,
          "numPassingAsserts": 4,
          "retryReasons": [],
          "status": "passed",
          "title": "should handle empty integrations list"
        },
        {
          "ancestorTitles": ["useIntegrations (MSW)", "useIntegrations - fetch all integrations"],
          "duration": 200,
          "failureDetails": [],
          "failureMessages": [],
          "fullName": "useIntegrations (MSW) useIntegrations - fetch all integrations should handle fetch error",
          "invocations": 1,
          "location": null,
          "numPassingAsserts": 3,
          "retryReasons": [],
          "status": "passed",
          "title": "should handle fetch error"
        },
        {
          "ancestorTitles": ["useIntegrations (MSW)", "useIntegrations - fetch all integrations"],
          "duration": 61,
          "failureDetails": [],
          "failureMessages": [],
          "fullName": "useIntegrations (MSW) useIntegrations - fetch all integrations should filter integrations by status",
          "invocations": 1,
          "location": null,
          "numPassingAsserts": 2,
          "retryReasons": [],
          "status": "passed",
          "title": "should filter integrations by status"
        },
        {
          "ancestorTitles": ["useIntegrations (MSW)", "useIntegration - fetch single integration"],
          "duration": 63,
          "failureDetails": [],
          "failureMessages": [],
          "fullName": "useIntegrations (MSW) useIntegration - fetch single integration should fetch single integration successfully",
          "invocations": 1,
          "location": null,
          "numPassingAsserts": 6,
          "retryReasons": [],
          "status": "passed",
          "title": "should fetch single integration successfully"
        },
        {
          "ancestorTitles": ["useIntegrations (MSW)", "useIntegration - fetch single integration"],
          "duration": 4,
          "failureDetails": [],
          "failureMessages": [],
          "fullName": "useIntegrations (MSW) useIntegration - fetch single integration should not fetch when name is empty",
          "invocations": 1,
          "location": null,
          "numPassingAsserts": 2,
          "retryReasons": [],
          "status": "passed",
          "title": "should not fetch when name is empty"
        },
        {
          "ancestorTitles": ["useIntegrations (MSW)", "useIntegration - fetch single integration"],
          "duration": 61,
          "failureDetails": [],
          "failureMessages": [],
          "fullName": "useIntegrations (MSW) useIntegration - fetch single integration should handle integration not found",
          "invocations": 1,
          "location": null,
          "numPassingAsserts": 2,
          "retryReasons": [],
          "status": "passed",
          "title": "should handle integration not found"
        },
        {
          "ancestorTitles": ["useIntegrations (MSW)", "useHealthCheck - trigger health check"],
          "duration": 25,
          "failureDetails": [],
          "failureMessages": [],
          "fullName": "useIntegrations (MSW) useHealthCheck - trigger health check should trigger health check successfully",
          "invocations": 1,
          "location": null,
          "numPassingAsserts": 3,
          "retryReasons": [],
          "status": "passed",
          "title": "should trigger health check successfully"
        },
        {
          "ancestorTitles": ["useIntegrations (MSW)", "useHealthCheck - trigger health check"],
          "duration": 19,
          "failureDetails": [],
          "failureMessages": [],
          "fullName": "useIntegrations (MSW) useHealthCheck - trigger health check should handle health check for disabled integration",
          "invocations": 1,
          "location": null,
          "numPassingAsserts": 1,
          "retryReasons": [],
          "status": "passed",
          "title": "should handle health check for disabled integration"
        },
        {
          "ancestorTitles": ["useIntegrations (MSW)", "useHealthCheck - trigger health check"],
          "duration": 13,
          "failureDetails": [],
          "failureMessages": [],
          "fullName": "useIntegrations (MSW) useHealthCheck - trigger health check should handle health check error for non-existent integration",
          "invocations": 1,
          "location": null,
          "numPassingAsserts": 1,
          "retryReasons": [],
          "status": "passed",
          "title": "should handle health check error for non-existent integration"
        },
        {
          "ancestorTitles": ["useIntegrations (MSW)", "Real-world scenarios"],
          "duration": 181,
          "failureDetails": [],
          "failureMessages": [],
          "fullName": "useIntegrations (MSW) Real-world scenarios should handle multiple integration types",
          "invocations": 1,
          "location": null,
          "numPassingAsserts": 7,
          "retryReasons": [],
          "status": "passed",
          "title": "should handle multiple integration types"
        },
        {
          "ancestorTitles": ["useIntegrations (MSW)", "Real-world scenarios"],
          "duration": 88,
          "failureDetails": [],
          "failureMessages": [],
          "fullName": "useIntegrations (MSW) Real-world scenarios should handle integrations with different statuses",
          "invocations": 1,
          "location": null,
          "numPassingAsserts": 5,
          "retryReasons": [],
          "status": "passed",
          "title": "should handle integrations with different statuses"
        },
        {
          "ancestorTitles": ["useIntegrations (MSW)", "Real-world scenarios"],
          "duration": 74,
          "failureDetails": [],
          "failureMessages": [],
          "fullName": "useIntegrations (MSW) Real-world scenarios should handle health check and list refresh",
          "invocations": 1,
          "location": null,
          "numPassingAsserts": 2,
          "retryReasons": [],
          "status": "passed",
          "title": "should handle health check and list refresh"
        },
        {
          "ancestorTitles": ["useIntegrations (MSW)", "Real-world scenarios"],
          "duration": 55,
          "failureDetails": [],
          "failureMessages": [],
          "fullName": "useIntegrations (MSW) Real-world scenarios should handle integrations with metadata",
          "invocations": 1,
          "location": null,
          "numPassingAsserts": 4,
          "retryReasons": [],
          "status": "passed",
          "title": "should handle integrations with metadata"
        }
      ],
      "endTime": 1763276864284,
      "message": "",
      "name": "/Users/michaelayoade/Downloads/Projects/dotmac-ftth-ops/frontend/apps/isp-ops-app/hooks/__tests__/useIntegrations.msw.test.tsx",
      "startTime": 1763276857438,
      "status": "passed",
      "summary": ""
    },
    {
      "assertionResults": [
        {
          "ancestorTitles": ["useLicensing", "licensingKeys - Query Key Factory"],
          "duration": 36,
          "failureDetails": [],
          "failureMessages": [],
          "fullName": "useLicensing licensingKeys - Query Key Factory should generate correct query keys",
          "invocations": 1,
          "location": null,
          "numPassingAsserts": 9,
          "retryReasons": [],
          "status": "passed",
          "title": "should generate correct query keys"
        },
        {
          "ancestorTitles": ["useLicensing", "useLicensing - Feature Modules Query"],
          "duration": 228,
          "failureDetails": [],
          "failureMessages": [],
          "fullName": "useLicensing useLicensing - Feature Modules Query should fetch modules successfully",
          "invocations": 1,
          "location": null,
          "numPassingAsserts": 4,
          "retryReasons": [],
          "status": "passed",
          "title": "should fetch modules successfully"
        },
        {
          "ancestorTitles": ["useLicensing", "useLicensing - Feature Modules Query"],
          "duration": 61,
          "failureDetails": [],
          "failureMessages": [],
          "fullName": "useLicensing useLicensing - Feature Modules Query should handle empty modules array",
          "invocations": 1,
          "location": null,
          "numPassingAsserts": 3,
          "retryReasons": [],
          "status": "passed",
          "title": "should handle empty modules array"
        },
        {
          "ancestorTitles": ["useLicensing", "useLicensing - Feature Modules Query"],
          "duration": 192,
          "failureDetails": [],
          "failureMessages": [],
          "fullName": "useLicensing useLicensing - Feature Modules Query should set loading state correctly for modules",
          "invocations": 1,
          "location": null,
          "numPassingAsserts": 2,
          "retryReasons": [],
          "status": "passed",
          "title": "should set loading state correctly for modules"
        },
        {
          "ancestorTitles": ["useLicensing", "useLicensing - Quotas Query"],
          "duration": 52,
          "failureDetails": [],
          "failureMessages": [],
          "fullName": "useLicensing useLicensing - Quotas Query should fetch quotas successfully",
          "invocations": 1,
          "location": null,
          "numPassingAsserts": 4,
          "retryReasons": [],
          "status": "passed",
          "title": "should fetch quotas successfully"
        },
        {
          "ancestorTitles": ["useLicensing", "useLicensing - Service Plans Query"],
          "duration": 54,
          "failureDetails": [],
          "failureMessages": [],
          "fullName": "useLicensing useLicensing - Service Plans Query should fetch plans successfully",
          "invocations": 1,
          "location": null,
          "numPassingAsserts": 4,
          "retryReasons": [],
          "status": "passed",
          "title": "should fetch plans successfully"
        },
        {
          "ancestorTitles": ["useLicensing", "useLicensing - Current Subscription Query"],
          "duration": 55,
          "failureDetails": [],
          "failureMessages": [],
          "fullName": "useLicensing useLicensing - Current Subscription Query should fetch current subscription successfully",
          "invocations": 1,
          "location": null,
          "numPassingAsserts": 4,
          "retryReasons": [],
          "status": "passed",
          "title": "should fetch current subscription successfully"
        },
        {
          "ancestorTitles": ["useLicensing", "useLicensing - Current Subscription Query"],
          "duration": 58,
          "failureDetails": [],
          "failureMessages": [],
          "fullName": "useLicensing useLicensing - Current Subscription Query should handle 404 for no subscription",
          "invocations": 1,
          "location": null,
          "numPassingAsserts": 3,
          "retryReasons": [],
          "status": "passed",
          "title": "should handle 404 for no subscription"
        },
        {
          "ancestorTitles": ["useLicensing", "useLicensing - Module Mutations"],
          "duration": 75,
          "failureDetails": [],
          "failureMessages": [],
          "fullName": "useLicensing useLicensing - Module Mutations should create module successfully",
          "invocations": 1,
          "location": null,
          "numPassingAsserts": 3,
          "retryReasons": [],
          "status": "passed",
          "title": "should create module successfully"
        },
        {
          "ancestorTitles": ["useLicensing", "useLicensing - Module Mutations"],
          "duration": 69,
          "failureDetails": [],
          "failureMessages": [],
          "fullName": "useLicensing useLicensing - Module Mutations should update module successfully",
          "invocations": 1,
          "location": null,
          "numPassingAsserts": 3,
          "retryReasons": [],
          "status": "passed",
          "title": "should update module successfully"
        },
        {
          "ancestorTitles": ["useLicensing", "useLicensing - Quota Mutations"],
          "duration": 64,
          "failureDetails": [],
          "failureMessages": [],
          "fullName": "useLicensing useLicensing - Quota Mutations should create quota successfully",
          "invocations": 1,
          "location": null,
          "numPassingAsserts": 3,
          "retryReasons": [],
          "status": "passed",
          "title": "should create quota successfully"
        },
        {
          "ancestorTitles": ["useLicensing", "useLicensing - Quota Mutations"],
          "duration": 67,
          "failureDetails": [],
          "failureMessages": [],
          "fullName": "useLicensing useLicensing - Quota Mutations should update quota successfully",
          "invocations": 1,
          "location": null,
          "numPassingAsserts": 4,
          "retryReasons": [],
          "status": "passed",
          "title": "should update quota successfully"
        },
        {
          "ancestorTitles": ["useLicensing", "useLicensing - Plan Mutations"],
          "duration": 71,
          "failureDetails": [],
          "failureMessages": [],
          "fullName": "useLicensing useLicensing - Plan Mutations should create plan successfully",
          "invocations": 1,
          "location": null,
          "numPassingAsserts": 3,
          "retryReasons": [],
          "status": "passed",
          "title": "should create plan successfully"
        },
        {
          "ancestorTitles": ["useLicensing", "useLicensing - Plan Mutations"],
          "duration": 69,
          "failureDetails": [],
          "failureMessages": [],
          "fullName": "useLicensing useLicensing - Plan Mutations should update plan successfully",
          "invocations": 1,
          "location": null,
          "numPassingAsserts": 4,
          "retryReasons": [],
          "status": "passed",
          "title": "should update plan successfully"
        },
        {
          "ancestorTitles": ["useLicensing", "useLicensing - Plan Mutations"],
          "duration": 66,
          "failureDetails": [],
          "failureMessages": [],
          "fullName": "useLicensing useLicensing - Plan Mutations should duplicate plan successfully",
          "invocations": 1,
          "location": null,
          "numPassingAsserts": 4,
          "retryReasons": [],
          "status": "passed",
          "title": "should duplicate plan successfully"
        },
        {
          "ancestorTitles": ["useLicensing", "useLicensing - Subscription Mutations"],
          "duration": 86,
          "failureDetails": [],
          "failureMessages": [],
          "fullName": "useLicensing useLicensing - Subscription Mutations should create subscription successfully",
          "invocations": 1,
          "location": null,
          "numPassingAsserts": 4,
          "retryReasons": [],
          "status": "passed",
          "title": "should create subscription successfully"
        },
        {
          "ancestorTitles": ["useLicensing", "useLicensing - Subscription Mutations"],
          "duration": 66,
          "failureDetails": [],
          "failureMessages": [],
          "fullName": "useLicensing useLicensing - Subscription Mutations should add addon successfully",
          "invocations": 1,
          "location": null,
          "numPassingAsserts": 2,
          "retryReasons": [],
          "status": "passed",
          "title": "should add addon successfully"
        },
        {
          "ancestorTitles": ["useLicensing", "useLicensing - Subscription Mutations"],
          "duration": 63,
          "failureDetails": [],
          "failureMessages": [],
          "fullName": "useLicensing useLicensing - Subscription Mutations should remove addon successfully",
          "invocations": 1,
          "location": null,
          "numPassingAsserts": 2,
          "retryReasons": [],
          "status": "passed",
          "title": "should remove addon successfully"
        },
        {
          "ancestorTitles": ["useLicensing", "useLicensing - Helper Functions"],
          "duration": 61,
          "failureDetails": [],
          "failureMessages": [],
          "fullName": "useLicensing useLicensing - Helper Functions should get module by id",
          "invocations": 1,
          "location": null,
          "numPassingAsserts": 4,
          "retryReasons": [],
          "status": "passed",
          "title": "should get module by id"
        },
        {
          "ancestorTitles": ["useLicensing", "useLicensing - Helper Functions"],
          "duration": 68,
          "failureDetails": [],
          "failureMessages": [],
          "fullName": "useLicensing useLicensing - Helper Functions should get plan by id",
          "invocations": 1,
          "location": null,
          "numPassingAsserts": 4,
          "retryReasons": [],
          "status": "passed",
          "title": "should get plan by id"
        },
        {
          "ancestorTitles": ["useLicensing", "useLicensing - Helper Functions"],
          "duration": 69,
          "failureDetails": [],
          "failureMessages": [],
          "fullName": "useLicensing useLicensing - Helper Functions should calculate plan price",
          "invocations": 1,
          "location": null,
          "numPassingAsserts": 5,
          "retryReasons": [],
          "status": "passed",
          "title": "should calculate plan price"
        },
        {
          "ancestorTitles": ["useLicensing", "useLicensing - Helper Functions"],
          "duration": 68,
          "failureDetails": [],
          "failureMessages": [],
          "fullName": "useLicensing useLicensing - Helper Functions should check entitlement",
          "invocations": 1,
          "location": null,
          "numPassingAsserts": 3,
          "retryReasons": [],
          "status": "passed",
          "title": "should check entitlement"
        },
        {
          "ancestorTitles": ["useLicensing", "useLicensing - Helper Functions"],
          "duration": 143,
          "failureDetails": [],
          "failureMessages": [],
          "fullName": "useLicensing useLicensing - Helper Functions should check quota",
          "invocations": 1,
          "location": null,
          "numPassingAsserts": 5,
          "retryReasons": [],
          "status": "passed",
          "title": "should check quota"
        },
        {
          "ancestorTitles": ["useLicensing", "useLicensing - Helper Functions"],
          "duration": 61,
          "failureDetails": [],
          "failureMessages": [],
          "fullName": "useLicensing useLicensing - Helper Functions should consume quota",
          "invocations": 1,
          "location": null,
          "numPassingAsserts": 2,
          "retryReasons": [],
          "status": "passed",
          "title": "should consume quota"
        },
        {
          "ancestorTitles": ["useLicensing", "useLicensing - Helper Functions"],
          "duration": 61,
          "failureDetails": [],
          "failureMessages": [],
          "fullName": "useLicensing useLicensing - Helper Functions should release quota",
          "invocations": 1,
          "location": null,
          "numPassingAsserts": 2,
          "retryReasons": [],
          "status": "passed",
          "title": "should release quota"
        },
        {
          "ancestorTitles": ["useLicensing", "useLicensing - Helper Functions"],
          "duration": 85,
          "failureDetails": [],
          "failureMessages": [],
          "fullName": "useLicensing useLicensing - Helper Functions should refetch all licensing data",
          "invocations": 1,
          "location": null,
          "numPassingAsserts": 2,
          "retryReasons": [],
          "status": "passed",
          "title": "should refetch all licensing data"
        },
        {
          "ancestorTitles": ["useLicensing", "useFeatureEntitlement"],
          "duration": 56,
          "failureDetails": [],
          "failureMessages": [],
          "fullName": "useLicensing useFeatureEntitlement should check entitlement successfully",
          "invocations": 1,
          "location": null,
          "numPassingAsserts": 2,
          "retryReasons": [],
          "status": "passed",
          "title": "should check entitlement successfully"
        },
        {
          "ancestorTitles": ["useLicensing", "useFeatureEntitlement"],
          "duration": 3,
          "failureDetails": [],
          "failureMessages": [],
          "fullName": "useLicensing useFeatureEntitlement should return not entitled when no module code",
          "invocations": 1,
          "location": null,
          "numPassingAsserts": 2,
          "retryReasons": [],
          "status": "passed",
          "title": "should return not entitled when no module code"
        },
        {
          "ancestorTitles": ["useLicensing", "useFeatureEntitlement"],
          "duration": 3,
          "failureDetails": [],
          "failureMessages": [],
          "fullName": "useLicensing useFeatureEntitlement should not fetch when module code is undefined",
          "invocations": 1,
          "location": null,
          "numPassingAsserts": 2,
          "retryReasons": [],
          "status": "passed",
          "title": "should not fetch when module code is undefined"
        },
        {
          "ancestorTitles": ["useLicensing", "useFeatureEntitlement"],
          "duration": 55,
          "failureDetails": [],
          "failureMessages": [],
          "fullName": "useLicensing useFeatureEntitlement should handle disabled module",
          "invocations": 1,
          "location": null,
          "numPassingAsserts": 2,
          "retryReasons": [],
          "status": "passed",
          "title": "should handle disabled module"
        },
        {
          "ancestorTitles": ["useLicensing", "useQuotaCheck"],
          "duration": 57,
          "failureDetails": [],
          "failureMessages": [],
          "fullName": "useLicensing useQuotaCheck should check quota successfully",
          "invocations": 1,
          "location": null,
          "numPassingAsserts": 4,
          "retryReasons": [],
          "status": "passed",
          "title": "should check quota successfully"
        },
        {
          "ancestorTitles": ["useLicensing", "useQuotaCheck"],
          "duration": 56,
          "failureDetails": [],
          "failureMessages": [],
          "fullName": "useLicensing useQuotaCheck should use default quantity of 1",
          "invocations": 1,
          "location": null,
          "numPassingAsserts": 2,
          "retryReasons": [],
          "status": "passed",
          "title": "should use default quantity of 1"
        },
        {
          "ancestorTitles": ["useLicensing", "useQuotaCheck"],
          "duration": 57,
          "failureDetails": [],
          "failureMessages": [],
          "fullName": "useLicensing useQuotaCheck should handle insufficient quota",
          "invocations": 1,
          "location": null,
          "numPassingAsserts": 3,
          "retryReasons": [],
          "status": "passed",
          "title": "should handle insufficient quota"
        },
        {
          "ancestorTitles": ["useLicensing", "Cache Invalidation"],
          "duration": 207,
          "failureDetails": [],
          "failureMessages": [],
          "fullName": "useLicensing Cache Invalidation should invalidate modules cache after creating module",
          "invocations": 1,
          "location": null,
          "numPassingAsserts": 3,
          "retryReasons": [],
          "status": "passed",
          "title": "should invalidate modules cache after creating module"
        },
        {
          "ancestorTitles": ["useLicensing", "Cache Invalidation"],
          "duration": 133,
          "failureDetails": [],
          "failureMessages": [],
          "fullName": "useLicensing Cache Invalidation should invalidate subscription cache after adding addon",
          "invocations": 1,
          "location": null,
          "numPassingAsserts": 3,
          "retryReasons": [],
          "status": "passed",
          "title": "should invalidate subscription cache after adding addon"
        },
        {
          "ancestorTitles": ["useLicensing", "Loading States"],
          "duration": 71,
          "failureDetails": [],
          "failureMessages": [],
          "fullName": "useLicensing Loading States should show correct loading state during queries",
          "invocations": 1,
          "location": null,
          "numPassingAsserts": 8,
          "retryReasons": [],
          "status": "passed",
          "title": "should show correct loading state during queries"
        },
        {
          "ancestorTitles": ["useLicensing", "Stale Time and Refetch Behavior"],
          "duration": 128,
          "failureDetails": [],
          "failureMessages": [],
          "fullName": "useLicensing Stale Time and Refetch Behavior should use 5 minute stale time for modules",
          "invocations": 1,
          "location": null,
          "numPassingAsserts": 2,
          "retryReasons": [],
          "status": "passed",
          "title": "should use 5 minute stale time for modules"
        },
        {
          "ancestorTitles": ["useLicensing", "Stale Time and Refetch Behavior"],
          "duration": 53,
          "failureDetails": [],
          "failureMessages": [],
          "fullName": "useLicensing Stale Time and Refetch Behavior should use 1 minute stale time for subscription",
          "invocations": 1,
          "location": null,
          "numPassingAsserts": 2,
          "retryReasons": [],
          "status": "passed",
          "title": "should use 1 minute stale time for subscription"
        }
      ],
      "endTime": 1763276868859,
      "message": "",
      "name": "/Users/michaelayoade/Downloads/Projects/dotmac-ftth-ops/frontend/apps/isp-ops-app/hooks/__tests__/useLicensing.msw.test.tsx",
      "startTime": 1763276864304,
      "status": "passed",
      "summary": ""
    },
    {
      "assertionResults": [
        {
          "ancestorTitles": ["useFiberGraphQL - Dashboard", "useFiberDashboardGraphQL"],
          "duration": 258,
          "failureDetails": [],
          "failureMessages": [],
          "fullName": "useFiberGraphQL - Dashboard useFiberDashboardGraphQL should fetch dashboard data successfully",
          "invocations": 1,
          "location": null,
          "numPassingAsserts": 7,
          "retryReasons": [],
          "status": "passed",
          "title": "should fetch dashboard data successfully"
        },
        {
          "ancestorTitles": ["useFiberGraphQL - Dashboard", "useFiberDashboardGraphQL"],
          "duration": 66,
          "failureDetails": [],
          "failureMessages": [],
          "fullName": "useFiberGraphQL - Dashboard useFiberDashboardGraphQL should return analytics metrics",
          "invocations": 1,
          "location": null,
          "numPassingAsserts": 2,
          "retryReasons": [],
          "status": "passed",
          "title": "should return analytics metrics"
        },
        {
          "ancestorTitles": ["useFiberGraphQL - Dashboard", "useFiberDashboardGraphQL"],
          "duration": 246,
          "failureDetails": [],
          "failureMessages": [],
          "fullName": "useFiberGraphQL - Dashboard useFiberDashboardGraphQL should return top items by metrics",
          "invocations": 1,
          "location": null,
          "numPassingAsserts": 4,
          "retryReasons": [],
          "status": "passed",
          "title": "should return top items by metrics"
        },
        {
          "ancestorTitles": ["useFiberGraphQL - Dashboard", "useFiberDashboardGraphQL"],
          "duration": 65,
          "failureDetails": [],
          "failureMessages": [],
          "fullName": "useFiberGraphQL - Dashboard useFiberDashboardGraphQL should support custom poll interval",
          "invocations": 1,
          "location": null,
          "numPassingAsserts": 2,
          "retryReasons": [],
          "status": "passed",
          "title": "should support custom poll interval"
        },
        {
          "ancestorTitles": ["useFiberGraphQL - Cables", "useFiberCableListGraphQL"],
          "duration": 90,
          "failureDetails": [],
          "failureMessages": [],
          "fullName": "useFiberGraphQL - Cables useFiberCableListGraphQL should fetch cable list successfully",
          "invocations": 1,
          "location": null,
          "numPassingAsserts": 4,
          "retryReasons": [],
          "status": "passed",
          "title": "should fetch cable list successfully"
        },
        {
          "ancestorTitles": ["useFiberGraphQL - Cables", "useFiberCableListGraphQL"],
          "duration": 73,
          "failureDetails": [],
          "failureMessages": [],
          "fullName": "useFiberGraphQL - Cables useFiberCableListGraphQL should filter cables by status",
          "invocations": 1,
          "location": null,
          "numPassingAsserts": 3,
          "retryReasons": [],
          "status": "passed",
          "title": "should filter cables by status"
        },
        {
          "ancestorTitles": ["useFiberGraphQL - Cables", "useFiberCableListGraphQL"],
          "duration": 59,
          "failureDetails": [],
          "failureMessages": [],
          "fullName": "useFiberGraphQL - Cables useFiberCableListGraphQL should filter cables by fiber type",
          "invocations": 1,
          "location": null,
          "numPassingAsserts": 3,
          "retryReasons": [],
          "status": "passed",
          "title": "should filter cables by fiber type"
        },
        {
          "ancestorTitles": ["useFiberGraphQL - Cables", "useFiberCableListGraphQL"],
          "duration": 62,
          "failureDetails": [],
          "failureMessages": [],
          "fullName": "useFiberGraphQL - Cables useFiberCableListGraphQL should support pagination",
          "invocations": 1,
          "location": null,
          "numPassingAsserts": 3,
          "retryReasons": [],
          "status": "passed",
          "title": "should support pagination"
        },
        {
          "ancestorTitles": ["useFiberGraphQL - Cables", "useFiberCableListGraphQL"],
          "duration": 280,
          "failureDetails": [],
          "failureMessages": [],
          "fullName": "useFiberGraphQL - Cables useFiberCableListGraphQL should support fetchMore for pagination",
          "invocations": 1,
          "location": null,
          "numPassingAsserts": 2,
          "retryReasons": [],
          "status": "passed",
          "title": "should support fetchMore for pagination"
        },
        {
          "ancestorTitles": ["useFiberGraphQL - Cables", "useFiberCableDetailGraphQL"],
          "duration": 56,
          "failureDetails": [],
          "failureMessages": [],
          "fullName": "useFiberGraphQL - Cables useFiberCableDetailGraphQL should fetch single cable details",
          "invocations": 1,
          "location": null,
          "numPassingAsserts": 4,
          "retryReasons": [],
          "status": "passed",
          "title": "should fetch single cable details"
        },
        {
          "ancestorTitles": ["useFiberGraphQL - Cables", "useFiberCableDetailGraphQL"],
          "duration": 4,
          "failureDetails": [],
          "failureMessages": [],
          "fullName": "useFiberGraphQL - Cables useFiberCableDetailGraphQL should skip query when ID is undefined",
          "invocations": 1,
          "location": null,
          "numPassingAsserts": 2,
          "retryReasons": [],
          "status": "passed",
          "title": "should skip query when ID is undefined"
        },
        {
          "ancestorTitles": ["useFiberGraphQL - Cables", "useFiberCableDetailGraphQL"],
          "duration": 55,
          "failureDetails": [],
          "failureMessages": [],
          "fullName": "useFiberGraphQL - Cables useFiberCableDetailGraphQL should return null for non-existent cable",
          "invocations": 1,
          "location": null,
          "numPassingAsserts": 2,
          "retryReasons": [],
          "status": "passed",
          "title": "should return null for non-existent cable"
        },
        {
          "ancestorTitles": ["useFiberGraphQL - Cables", "useFiberCablesByRouteGraphQL"],
          "duration": 55,
          "failureDetails": [],
          "failureMessages": [],
          "fullName": "useFiberGraphQL - Cables useFiberCablesByRouteGraphQL should fetch cables by route",
          "invocations": 1,
          "location": null,
          "numPassingAsserts": 3,
          "retryReasons": [],
          "status": "passed",
          "title": "should fetch cables by route"
        },
        {
          "ancestorTitles": ["useFiberGraphQL - Cables", "useFiberCablesByRouteGraphQL"],
          "duration": 2,
          "failureDetails": [],
          "failureMessages": [],
          "fullName": "useFiberGraphQL - Cables useFiberCablesByRouteGraphQL should skip query when IDs are undefined",
          "invocations": 1,
          "location": null,
          "numPassingAsserts": 2,
          "retryReasons": [],
          "status": "passed",
          "title": "should skip query when IDs are undefined"
        },
        {
          "ancestorTitles": [
            "useFiberGraphQL - Cables",
            "useFiberCablesByDistributionPointGraphQL"
          ],
          "duration": 55,
          "failureDetails": [],
          "failureMessages": [],
          "fullName": "useFiberGraphQL - Cables useFiberCablesByDistributionPointGraphQL should fetch cables connected to distribution point",
          "invocations": 1,
          "location": null,
          "numPassingAsserts": 3,
          "retryReasons": [],
          "status": "passed",
          "title": "should fetch cables connected to distribution point"
        },
        {
          "ancestorTitles": [
            "useFiberGraphQL - Cables",
            "useFiberCablesByDistributionPointGraphQL"
          ],
          "duration": 3,
          "failureDetails": [],
          "failureMessages": [],
          "fullName": "useFiberGraphQL - Cables useFiberCablesByDistributionPointGraphQL should skip query when ID is undefined",
          "invocations": 1,
          "location": null,
          "numPassingAsserts": 2,
          "retryReasons": [],
          "status": "passed",
          "title": "should skip query when ID is undefined"
        },
        {
          "ancestorTitles": [
            "useFiberGraphQL - Health & Analytics",
            "useFiberHealthMetricsGraphQL"
          ],
          "duration": 57,
          "failureDetails": [],
          "failureMessages": [],
          "fullName": "useFiberGraphQL - Health & Analytics useFiberHealthMetricsGraphQL should fetch health metrics successfully",
          "invocations": 1,
          "location": null,
          "numPassingAsserts": 4,
          "retryReasons": [],
          "status": "passed",
          "title": "should fetch health metrics successfully"
        },
        {
          "ancestorTitles": [
            "useFiberGraphQL - Health & Analytics",
            "useFiberHealthMetricsGraphQL"
          ],
          "duration": 56,
          "failureDetails": [],
          "failureMessages": [],
          "fullName": "useFiberGraphQL - Health & Analytics useFiberHealthMetricsGraphQL should filter metrics by cable ID",
          "invocations": 1,
          "location": null,
          "numPassingAsserts": 2,
          "retryReasons": [],
          "status": "passed",
          "title": "should filter metrics by cable ID"
        },
        {
          "ancestorTitles": [
            "useFiberGraphQL - Health & Analytics",
            "useFiberHealthMetricsGraphQL"
          ],
          "duration": 54,
          "failureDetails": [],
          "failureMessages": [],
          "fullName": "useFiberGraphQL - Health & Analytics useFiberHealthMetricsGraphQL should filter metrics by health status",
          "invocations": 1,
          "location": null,
          "numPassingAsserts": 2,
          "retryReasons": [],
          "status": "passed",
          "title": "should filter metrics by health status"
        },
        {
          "ancestorTitles": [
            "useFiberGraphQL - Health & Analytics",
            "useFiberHealthMetricsGraphQL"
          ],
          "duration": 56,
          "failureDetails": [],
          "failureMessages": [],
          "fullName": "useFiberGraphQL - Health & Analytics useFiberHealthMetricsGraphQL should support custom poll interval",
          "invocations": 1,
          "location": null,
          "numPassingAsserts": 2,
          "retryReasons": [],
          "status": "passed",
          "title": "should support custom poll interval"
        },
        {
          "ancestorTitles": [
            "useFiberGraphQL - Health & Analytics",
            "useFiberNetworkAnalyticsGraphQL"
          ],
          "duration": 55,
          "failureDetails": [],
          "failureMessages": [],
          "fullName": "useFiberGraphQL - Health & Analytics useFiberNetworkAnalyticsGraphQL should fetch network analytics successfully",
          "invocations": 1,
          "location": null,
          "numPassingAsserts": 5,
          "retryReasons": [],
          "status": "passed",
          "title": "should fetch network analytics successfully"
        },
        {
          "ancestorTitles": [
            "useFiberGraphQL - Health & Analytics",
            "useFiberNetworkAnalyticsGraphQL"
          ],
          "duration": 54,
          "failureDetails": [],
          "failureMessages": [],
          "fullName": "useFiberGraphQL - Health & Analytics useFiberNetworkAnalyticsGraphQL should return complete analytics structure",
          "invocations": 1,
          "location": null,
          "numPassingAsserts": 2,
          "retryReasons": [],
          "status": "passed",
          "title": "should return complete analytics structure"
        },
        {
          "ancestorTitles": ["useFiberGraphQL - Splice Points", "useSplicePointListGraphQL"],
          "duration": 55,
          "failureDetails": [],
          "failureMessages": [],
          "fullName": "useFiberGraphQL - Splice Points useSplicePointListGraphQL should fetch splice point list successfully",
          "invocations": 1,
          "location": null,
          "numPassingAsserts": 4,
          "retryReasons": [],
          "status": "passed",
          "title": "should fetch splice point list successfully"
        },
        {
          "ancestorTitles": ["useFiberGraphQL - Splice Points", "useSplicePointListGraphQL"],
          "duration": 61,
          "failureDetails": [],
          "failureMessages": [],
          "fullName": "useFiberGraphQL - Splice Points useSplicePointListGraphQL should filter splice points by status",
          "invocations": 1,
          "location": null,
          "numPassingAsserts": 2,
          "retryReasons": [],
          "status": "passed",
          "title": "should filter splice points by status"
        },
        {
          "ancestorTitles": ["useFiberGraphQL - Splice Points", "useSplicePointListGraphQL"],
          "duration": 58,
          "failureDetails": [],
          "failureMessages": [],
          "fullName": "useFiberGraphQL - Splice Points useSplicePointListGraphQL should filter splice points by cable ID",
          "invocations": 1,
          "location": null,
          "numPassingAsserts": 3,
          "retryReasons": [],
          "status": "passed",
          "title": "should filter splice points by cable ID"
        },
        {
          "ancestorTitles": ["useFiberGraphQL - Splice Points", "useSplicePointListGraphQL"],
          "duration": 152,
          "failureDetails": [],
          "failureMessages": [],
          "fullName": "useFiberGraphQL - Splice Points useSplicePointListGraphQL should support pagination",
          "invocations": 1,
          "location": null,
          "numPassingAsserts": 3,
          "retryReasons": [],
          "status": "passed",
          "title": "should support pagination"
        },
        {
          "ancestorTitles": ["useFiberGraphQL - Splice Points", "useSplicePointDetailGraphQL"],
          "duration": 58,
          "failureDetails": [],
          "failureMessages": [],
          "fullName": "useFiberGraphQL - Splice Points useSplicePointDetailGraphQL should fetch single splice point details",
          "invocations": 1,
          "location": null,
          "numPassingAsserts": 4,
          "retryReasons": [],
          "status": "passed",
          "title": "should fetch single splice point details"
        },
        {
          "ancestorTitles": ["useFiberGraphQL - Splice Points", "useSplicePointDetailGraphQL"],
          "duration": 4,
          "failureDetails": [],
          "failureMessages": [],
          "fullName": "useFiberGraphQL - Splice Points useSplicePointDetailGraphQL should skip query when ID is undefined",
          "invocations": 1,
          "location": null,
          "numPassingAsserts": 2,
          "retryReasons": [],
          "status": "passed",
          "title": "should skip query when ID is undefined"
        },
        {
          "ancestorTitles": ["useFiberGraphQL - Splice Points", "useSplicePointsByCableGraphQL"],
          "duration": 53,
          "failureDetails": [],
          "failureMessages": [],
          "fullName": "useFiberGraphQL - Splice Points useSplicePointsByCableGraphQL should fetch splice points by cable",
          "invocations": 1,
          "location": null,
          "numPassingAsserts": 4,
          "retryReasons": [],
          "status": "passed",
          "title": "should fetch splice points by cable"
        },
        {
          "ancestorTitles": ["useFiberGraphQL - Splice Points", "useSplicePointsByCableGraphQL"],
          "duration": 9,
          "failureDetails": [],
          "failureMessages": [],
          "fullName": "useFiberGraphQL - Splice Points useSplicePointsByCableGraphQL should skip query when ID is undefined",
          "invocations": 1,
          "location": null,
          "numPassingAsserts": 2,
          "retryReasons": [],
          "status": "passed",
          "title": "should skip query when ID is undefined"
        },
        {
          "ancestorTitles": [
            "useFiberGraphQL - Distribution Points",
            "useDistributionPointListGraphQL"
          ],
          "duration": 55,
          "failureDetails": [],
          "failureMessages": [],
          "fullName": "useFiberGraphQL - Distribution Points useDistributionPointListGraphQL should fetch distribution point list successfully",
          "invocations": 1,
          "location": null,
          "numPassingAsserts": 4,
          "retryReasons": [],
          "status": "passed",
          "title": "should fetch distribution point list successfully"
        },
        {
          "ancestorTitles": [
            "useFiberGraphQL - Distribution Points",
            "useDistributionPointListGraphQL"
          ],
          "duration": 121,
          "failureDetails": [],
          "failureMessages": [],
          "fullName": "useFiberGraphQL - Distribution Points useDistributionPointListGraphQL should filter distribution points by type",
          "invocations": 1,
          "location": null,
          "numPassingAsserts": 2,
          "retryReasons": [],
          "status": "passed",
          "title": "should filter distribution points by type"
        },
        {
          "ancestorTitles": [
            "useFiberGraphQL - Distribution Points",
            "useDistributionPointListGraphQL"
          ],
          "duration": 55,
          "failureDetails": [],
          "failureMessages": [],
          "fullName": "useFiberGraphQL - Distribution Points useDistributionPointListGraphQL should filter distribution points by status",
          "invocations": 1,
          "location": null,
          "numPassingAsserts": 2,
          "retryReasons": [],
          "status": "passed",
          "title": "should filter distribution points by status"
        },
        {
          "ancestorTitles": [
            "useFiberGraphQL - Distribution Points",
            "useDistributionPointListGraphQL"
          ],
          "duration": 55,
          "failureDetails": [],
          "failureMessages": [],
          "fullName": "useFiberGraphQL - Distribution Points useDistributionPointListGraphQL should filter distribution points near capacity",
          "invocations": 1,
          "location": null,
          "numPassingAsserts": 2,
          "retryReasons": [],
          "status": "passed",
          "title": "should filter distribution points near capacity"
        },
        {
          "ancestorTitles": [
            "useFiberGraphQL - Distribution Points",
            "useDistributionPointListGraphQL"
          ],
          "duration": 55,
          "failureDetails": [],
          "failureMessages": [],
          "fullName": "useFiberGraphQL - Distribution Points useDistributionPointListGraphQL should support pagination",
          "invocations": 1,
          "location": null,
          "numPassingAsserts": 3,
          "retryReasons": [],
          "status": "passed",
          "title": "should support pagination"
        },
        {
          "ancestorTitles": [
            "useFiberGraphQL - Distribution Points",
            "useDistributionPointDetailGraphQL"
          ],
          "duration": 55,
          "failureDetails": [],
          "failureMessages": [],
          "fullName": "useFiberGraphQL - Distribution Points useDistributionPointDetailGraphQL should fetch single distribution point details",
          "invocations": 1,
          "location": null,
          "numPassingAsserts": 4,
          "retryReasons": [],
          "status": "passed",
          "title": "should fetch single distribution point details"
        },
        {
          "ancestorTitles": [
            "useFiberGraphQL - Distribution Points",
            "useDistributionPointDetailGraphQL"
          ],
          "duration": 4,
          "failureDetails": [],
          "failureMessages": [],
          "fullName": "useFiberGraphQL - Distribution Points useDistributionPointDetailGraphQL should skip query when ID is undefined",
          "invocations": 1,
          "location": null,
          "numPassingAsserts": 2,
          "retryReasons": [],
          "status": "passed",
          "title": "should skip query when ID is undefined"
        },
        {
          "ancestorTitles": [
            "useFiberGraphQL - Distribution Points",
            "useDistributionPointsBySiteGraphQL"
          ],
          "duration": 55,
          "failureDetails": [],
          "failureMessages": [],
          "fullName": "useFiberGraphQL - Distribution Points useDistributionPointsBySiteGraphQL should fetch distribution points by site",
          "invocations": 1,
          "location": null,
          "numPassingAsserts": 4,
          "retryReasons": [],
          "status": "passed",
          "title": "should fetch distribution points by site"
        },
        {
          "ancestorTitles": [
            "useFiberGraphQL - Distribution Points",
            "useDistributionPointsBySiteGraphQL"
          ],
          "duration": 2,
          "failureDetails": [],
          "failureMessages": [],
          "fullName": "useFiberGraphQL - Distribution Points useDistributionPointsBySiteGraphQL should skip query when ID is undefined",
          "invocations": 1,
          "location": null,
          "numPassingAsserts": 2,
          "retryReasons": [],
          "status": "passed",
          "title": "should skip query when ID is undefined"
        },
        {
          "ancestorTitles": ["useFiberGraphQL - Service Areas", "useServiceAreaListGraphQL"],
          "duration": 56,
          "failureDetails": [],
          "failureMessages": [],
          "fullName": "useFiberGraphQL - Service Areas useServiceAreaListGraphQL should fetch service area list successfully",
          "invocations": 1,
          "location": null,
          "numPassingAsserts": 4,
          "retryReasons": [],
          "status": "passed",
          "title": "should fetch service area list successfully"
        },
        {
          "ancestorTitles": ["useFiberGraphQL - Service Areas", "useServiceAreaListGraphQL"],
          "duration": 58,
          "failureDetails": [],
          "failureMessages": [],
          "fullName": "useFiberGraphQL - Service Areas useServiceAreaListGraphQL should filter service areas by type",
          "invocations": 1,
          "location": null,
          "numPassingAsserts": 2,
          "retryReasons": [],
          "status": "passed",
          "title": "should filter service areas by type"
        },
        {
          "ancestorTitles": ["useFiberGraphQL - Service Areas", "useServiceAreaListGraphQL"],
          "duration": 55,
          "failureDetails": [],
          "failureMessages": [],
          "fullName": "useFiberGraphQL - Service Areas useServiceAreaListGraphQL should filter service areas by serviceable status",
          "invocations": 1,
          "location": null,
          "numPassingAsserts": 3,
          "retryReasons": [],
          "status": "passed",
          "title": "should filter service areas by serviceable status"
        },
        {
          "ancestorTitles": ["useFiberGraphQL - Service Areas", "useServiceAreaListGraphQL"],
          "duration": 59,
          "failureDetails": [],
          "failureMessages": [],
          "fullName": "useFiberGraphQL - Service Areas useServiceAreaListGraphQL should support pagination",
          "invocations": 1,
          "location": null,
          "numPassingAsserts": 3,
          "retryReasons": [],
          "status": "passed",
          "title": "should support pagination"
        },
        {
          "ancestorTitles": ["useFiberGraphQL - Service Areas", "useServiceAreaDetailGraphQL"],
          "duration": 56,
          "failureDetails": [],
          "failureMessages": [],
          "fullName": "useFiberGraphQL - Service Areas useServiceAreaDetailGraphQL should fetch single service area details",
          "invocations": 1,
          "location": null,
          "numPassingAsserts": 4,
          "retryReasons": [],
          "status": "passed",
          "title": "should fetch single service area details"
        },
        {
          "ancestorTitles": ["useFiberGraphQL - Service Areas", "useServiceAreaDetailGraphQL"],
          "duration": 3,
          "failureDetails": [],
          "failureMessages": [],
          "fullName": "useFiberGraphQL - Service Areas useServiceAreaDetailGraphQL should skip query when ID is undefined",
          "invocations": 1,
          "location": null,
          "numPassingAsserts": 2,
          "retryReasons": [],
          "status": "passed",
          "title": "should skip query when ID is undefined"
        },
        {
          "ancestorTitles": [
            "useFiberGraphQL - Service Areas",
            "useServiceAreasByPostalCodeGraphQL"
          ],
          "duration": 56,
          "failureDetails": [],
          "failureMessages": [],
          "fullName": "useFiberGraphQL - Service Areas useServiceAreasByPostalCodeGraphQL should fetch service areas by postal code",
          "invocations": 1,
          "location": null,
          "numPassingAsserts": 4,
          "retryReasons": [],
          "status": "passed",
          "title": "should fetch service areas by postal code"
        },
        {
          "ancestorTitles": [
            "useFiberGraphQL - Service Areas",
            "useServiceAreasByPostalCodeGraphQL"
          ],
          "duration": 4,
          "failureDetails": [],
          "failureMessages": [],
          "fullName": "useFiberGraphQL - Service Areas useServiceAreasByPostalCodeGraphQL should skip query when postal code is undefined",
          "invocations": 1,
          "location": null,
          "numPassingAsserts": 2,
          "retryReasons": [],
          "status": "passed",
          "title": "should skip query when postal code is undefined"
        },
        {
          "ancestorTitles": [
            "useFiberGraphQL - Aggregated Hooks",
            "useFiberCableDetailsAggregated"
          ],
          "duration": 62,
          "failureDetails": [],
          "failureMessages": [],
          "fullName": "useFiberGraphQL - Aggregated Hooks useFiberCableDetailsAggregated should fetch cable details with health and splices",
          "invocations": 1,
          "location": null,
          "numPassingAsserts": 5,
          "retryReasons": [],
          "status": "passed",
          "title": "should fetch cable details with health and splices"
        },
        {
          "ancestorTitles": [
            "useFiberGraphQL - Aggregated Hooks",
            "useFiberCableDetailsAggregated"
          ],
          "duration": 63,
          "failureDetails": [],
          "failureMessages": [],
          "fullName": "useFiberGraphQL - Aggregated Hooks useFiberCableDetailsAggregated should provide refetch function",
          "invocations": 1,
          "location": null,
          "numPassingAsserts": 2,
          "retryReasons": [],
          "status": "passed",
          "title": "should provide refetch function"
        },
        {
          "ancestorTitles": [
            "useFiberGraphQL - Aggregated Hooks",
            "useFiberCableDetailsAggregated"
          ],
          "duration": 57,
          "failureDetails": [],
          "failureMessages": [],
          "fullName": "useFiberGraphQL - Aggregated Hooks useFiberCableDetailsAggregated should handle undefined cable ID",
          "invocations": 1,
          "location": null,
          "numPassingAsserts": 2,
          "retryReasons": [],
          "status": "passed",
          "title": "should handle undefined cable ID"
        },
        {
          "ancestorTitles": [
            "useFiberGraphQL - Aggregated Hooks",
            "useDistributionPointDetailsAggregated"
          ],
          "duration": 61,
          "failureDetails": [],
          "failureMessages": [],
          "fullName": "useFiberGraphQL - Aggregated Hooks useDistributionPointDetailsAggregated should fetch distribution point with connected cables",
          "invocations": 1,
          "location": null,
          "numPassingAsserts": 4,
          "retryReasons": [],
          "status": "passed",
          "title": "should fetch distribution point with connected cables"
        },
        {
          "ancestorTitles": [
            "useFiberGraphQL - Aggregated Hooks",
            "useDistributionPointDetailsAggregated"
          ],
          "duration": 61,
          "failureDetails": [],
          "failureMessages": [],
          "fullName": "useFiberGraphQL - Aggregated Hooks useDistributionPointDetailsAggregated should provide refetch function",
          "invocations": 1,
          "location": null,
          "numPassingAsserts": 2,
          "retryReasons": [],
          "status": "passed",
          "title": "should provide refetch function"
        },
        {
          "ancestorTitles": ["useFiberGraphQL - Aggregated Hooks", "useFiberOverviewAggregated"],
          "duration": 59,
          "failureDetails": [],
          "failureMessages": [],
          "fullName": "useFiberGraphQL - Aggregated Hooks useFiberOverviewAggregated should fetch dashboard and analytics together",
          "invocations": 1,
          "location": null,
          "numPassingAsserts": 4,
          "retryReasons": [],
          "status": "passed",
          "title": "should fetch dashboard and analytics together"
        },
        {
          "ancestorTitles": ["useFiberGraphQL - Aggregated Hooks", "useFiberOverviewAggregated"],
          "duration": 56,
          "failureDetails": [],
          "failureMessages": [],
          "fullName": "useFiberGraphQL - Aggregated Hooks useFiberOverviewAggregated should provide refetch function",
          "invocations": 1,
          "location": null,
          "numPassingAsserts": 2,
          "retryReasons": [],
          "status": "passed",
          "title": "should provide refetch function"
        },
        {
          "ancestorTitles": ["useFiberGraphQL - Real-World Scenarios"],
          "duration": 115,
          "failureDetails": [],
          "failureMessages": [],
          "fullName": "useFiberGraphQL - Real-World Scenarios should support dashboard drill-down workflow",
          "invocations": 1,
          "location": null,
          "numPassingAsserts": 4,
          "retryReasons": [],
          "status": "passed",
          "title": "should support dashboard drill-down workflow"
        },
        {
          "ancestorTitles": ["useFiberGraphQL - Real-World Scenarios"],
          "duration": 118,
          "failureDetails": [],
          "failureMessages": [],
          "fullName": "useFiberGraphQL - Real-World Scenarios should support cable to splice points workflow",
          "invocations": 1,
          "location": null,
          "numPassingAsserts": 3,
          "retryReasons": [],
          "status": "passed",
          "title": "should support cable to splice points workflow"
        },
        {
          "ancestorTitles": ["useFiberGraphQL - Real-World Scenarios"],
          "duration": 114,
          "failureDetails": [],
          "failureMessages": [],
          "fullName": "useFiberGraphQL - Real-World Scenarios should support distribution point workflow",
          "invocations": 1,
          "location": null,
          "numPassingAsserts": 4,
          "retryReasons": [],
          "status": "passed",
          "title": "should support distribution point workflow"
        },
        {
          "ancestorTitles": ["useFiberGraphQL - Real-World Scenarios"],
          "duration": 114,
          "failureDetails": [],
          "failureMessages": [],
          "fullName": "useFiberGraphQL - Real-World Scenarios should support service area postal code lookup",
          "invocations": 1,
          "location": null,
          "numPassingAsserts": 4,
          "retryReasons": [],
          "status": "passed",
          "title": "should support service area postal code lookup"
        },
        {
          "ancestorTitles": ["useFiberGraphQL - Real-World Scenarios"],
          "duration": 113,
          "failureDetails": [],
          "failureMessages": [],
          "fullName": "useFiberGraphQL - Real-World Scenarios should support health monitoring workflow",
          "invocations": 1,
          "location": null,
          "numPassingAsserts": 3,
          "retryReasons": [],
          "status": "passed",
          "title": "should support health monitoring workflow"
        },
        {
          "ancestorTitles": ["useFiberGraphQL - Error Handling"],
          "duration": 88,
          "failureDetails": [],
          "failureMessages": [],
          "fullName": "useFiberGraphQL - Error Handling should surface GraphQL errors for cable list hook",
          "invocations": 1,
          "location": null,
          "numPassingAsserts": 4,
          "retryReasons": [],
          "status": "passed",
          "title": "should surface GraphQL errors for cable list hook"
        }
      ],
      "endTime": 1763276881137,
      "message": "",
      "name": "/Users/michaelayoade/Downloads/Projects/dotmac-ftth-ops/frontend/apps/isp-ops-app/hooks/__tests__/useFiberGraphQL.msw.test.tsx",
      "startTime": 1763276869012,
      "status": "passed",
      "summary": ""
    },
    {
      "assertionResults": [
        {
          "ancestorTitles": ["useRADIUS (MSW)", "useRADIUSSubscribers"],
          "duration": 525,
          "failureDetails": [],
          "failureMessages": [],
          "fullName": "useRADIUS (MSW) useRADIUSSubscribers should fetch RADIUS subscribers successfully",
          "invocations": 1,
          "location": null,
          "numPassingAsserts": 7,
          "retryReasons": [],
          "status": "passed",
          "title": "should fetch RADIUS subscribers successfully"
        },
        {
          "ancestorTitles": ["useRADIUS (MSW)", "useRADIUSSubscribers"],
          "duration": 57,
          "failureDetails": [],
          "failureMessages": [],
          "fullName": "useRADIUS (MSW) useRADIUSSubscribers should handle empty subscribers list",
          "invocations": 1,
          "location": null,
          "numPassingAsserts": 4,
          "retryReasons": [],
          "status": "passed",
          "title": "should handle empty subscribers list"
        },
        {
          "ancestorTitles": ["useRADIUS (MSW)", "useRADIUSSubscribers"],
          "duration": 56,
          "failureDetails": [],
          "failureMessages": [],
          "fullName": "useRADIUS (MSW) useRADIUSSubscribers should handle pagination with offset and limit",
          "invocations": 1,
          "location": null,
          "numPassingAsserts": 3,
          "retryReasons": [],
          "status": "passed",
          "title": "should handle pagination with offset and limit"
        },
        {
          "ancestorTitles": ["useRADIUS (MSW)", "useRADIUSSubscribers"],
          "duration": 1,
          "failureDetails": [],
          "failureMessages": [],
          "fullName": "useRADIUS (MSW) useRADIUSSubscribers should not fetch when enabled is false",
          "invocations": 1,
          "location": null,
          "numPassingAsserts": 2,
          "retryReasons": [],
          "status": "passed",
          "title": "should not fetch when enabled is false"
        },
        {
          "ancestorTitles": ["useRADIUS (MSW)", "useRADIUSSubscribers"],
          "duration": 88,
          "failureDetails": [],
          "failureMessages": [],
          "fullName": "useRADIUS (MSW) useRADIUSSubscribers should handle fetch error",
          "invocations": 1,
          "location": null,
          "numPassingAsserts": 3,
          "retryReasons": [],
          "status": "passed",
          "title": "should handle fetch error"
        },
        {
          "ancestorTitles": ["useRADIUS (MSW)", "useRADIUSSubscribers"],
          "duration": 57,
          "failureDetails": [],
          "failureMessages": [],
          "fullName": "useRADIUS (MSW) useRADIUSSubscribers should handle different page sizes",
          "invocations": 1,
          "location": null,
          "numPassingAsserts": 6,
          "retryReasons": [],
          "status": "passed",
          "title": "should handle different page sizes"
        },
        {
          "ancestorTitles": ["useRADIUS (MSW)", "useRADIUSSessions"],
          "duration": 60,
          "failureDetails": [],
          "failureMessages": [],
          "fullName": "useRADIUS (MSW) useRADIUSSessions should fetch RADIUS sessions successfully",
          "invocations": 1,
          "location": null,
          "numPassingAsserts": 7,
          "retryReasons": [],
          "status": "passed",
          "title": "should fetch RADIUS sessions successfully"
        },
        {
          "ancestorTitles": ["useRADIUS (MSW)", "useRADIUSSessions"],
          "duration": 56,
          "failureDetails": [],
          "failureMessages": [],
          "fullName": "useRADIUS (MSW) useRADIUSSessions should handle empty sessions list",
          "invocations": 1,
          "location": null,
          "numPassingAsserts": 4,
          "retryReasons": [],
          "status": "passed",
          "title": "should handle empty sessions list"
        },
        {
          "ancestorTitles": ["useRADIUS (MSW)", "useRADIUSSessions"],
          "duration": 1,
          "failureDetails": [],
          "failureMessages": [],
          "fullName": "useRADIUS (MSW) useRADIUSSessions should not fetch when enabled is false",
          "invocations": 1,
          "location": null,
          "numPassingAsserts": 2,
          "retryReasons": [],
          "status": "passed",
          "title": "should not fetch when enabled is false"
        },
        {
          "ancestorTitles": ["useRADIUS (MSW)", "useRADIUSSessions"],
          "duration": 56,
          "failureDetails": [],
          "failureMessages": [],
          "fullName": "useRADIUS (MSW) useRADIUSSessions should handle fetch error",
          "invocations": 1,
          "location": null,
          "numPassingAsserts": 3,
          "retryReasons": [],
          "status": "passed",
          "title": "should handle fetch error"
        },
        {
          "ancestorTitles": ["useRADIUS (MSW)", "useRADIUSSessions"],
          "duration": 54,
          "failureDetails": [],
          "failureMessages": [],
          "fullName": "useRADIUS (MSW) useRADIUSSessions should handle sessions with various states",
          "invocations": 1,
          "location": null,
          "numPassingAsserts": 4,
          "retryReasons": [],
          "status": "passed",
          "title": "should handle sessions with various states"
        },
        {
          "ancestorTitles": ["useRADIUS (MSW)", "Real-world scenarios"],
          "duration": 55,
          "failureDetails": [],
          "failureMessages": [],
          "fullName": "useRADIUS (MSW) Real-world scenarios should handle concurrent subscribers and sessions fetches",
          "invocations": 1,
          "location": null,
          "numPassingAsserts": 4,
          "retryReasons": [],
          "status": "passed",
          "title": "should handle concurrent subscribers and sessions fetches"
        },
        {
          "ancestorTitles": ["useRADIUS (MSW)", "Real-world scenarios"],
          "duration": 54,
          "failureDetails": [],
          "failureMessages": [],
          "fullName": "useRADIUS (MSW) Real-world scenarios should handle many active sessions",
          "invocations": 1,
          "location": null,
          "numPassingAsserts": 2,
          "retryReasons": [],
          "status": "passed",
          "title": "should handle many active sessions"
        },
        {
          "ancestorTitles": ["useRADIUS (MSW)", "Real-world scenarios"],
          "duration": 54,
          "failureDetails": [],
          "failureMessages": [],
          "fullName": "useRADIUS (MSW) Real-world scenarios should handle subscribers with and without sessions",
          "invocations": 1,
          "location": null,
          "numPassingAsserts": 4,
          "retryReasons": [],
          "status": "passed",
          "title": "should handle subscribers with and without sessions"
        }
      ],
      "endTime": 1763276886909,
      "message": "",
      "name": "/Users/michaelayoade/Downloads/Projects/dotmac-ftth-ops/frontend/apps/isp-ops-app/hooks/__tests__/useRADIUS.msw.test.tsx",
      "startTime": 1763276881345,
      "status": "passed",
      "summary": ""
    },
    {
      "assertionResults": [
        {
          "ancestorTitles": ["useFaults (MSW)", "faultsKeys query key factory"],
          "duration": 427,
          "failureDetails": [],
          "failureMessages": [],
          "fullName": "useFaults (MSW) faultsKeys query key factory should generate correct query keys",
          "invocations": 1,
          "location": null,
          "numPassingAsserts": 7,
          "retryReasons": [],
          "status": "passed",
          "title": "should generate correct query keys"
        },
        {
          "ancestorTitles": ["useFaults (MSW)", "useAlarms - fetch alarms"],
          "duration": 185,
          "failureDetails": [],
          "failureMessages": [],
          "fullName": "useFaults (MSW) useAlarms - fetch alarms should fetch alarms successfully",
          "invocations": 1,
          "location": null,
          "numPassingAsserts": 5,
          "retryReasons": [],
          "status": "passed",
          "title": "should fetch alarms successfully"
        },
        {
          "ancestorTitles": ["useFaults (MSW)", "useAlarms - fetch alarms"],
          "duration": 60,
          "failureDetails": [],
          "failureMessages": [],
          "fullName": "useFaults (MSW) useAlarms - fetch alarms should handle empty alarm list",
          "invocations": 1,
          "location": null,
          "numPassingAsserts": 3,
          "retryReasons": [],
          "status": "passed",
          "title": "should handle empty alarm list"
        },
        {
          "ancestorTitles": ["useFaults (MSW)", "useAlarms - fetch alarms"],
          "duration": 99,
          "failureDetails": [],
          "failureMessages": [],
          "fullName": "useFaults (MSW) useAlarms - fetch alarms should filter alarms by severity",
          "invocations": 1,
          "location": null,
          "numPassingAsserts": 3,
          "retryReasons": [],
          "status": "passed",
          "title": "should filter alarms by severity"
        },
        {
          "ancestorTitles": ["useFaults (MSW)", "useAlarms - fetch alarms"],
          "duration": 74,
          "failureDetails": [],
          "failureMessages": [],
          "fullName": "useFaults (MSW) useAlarms - fetch alarms should filter alarms by status",
          "invocations": 1,
          "location": null,
          "numPassingAsserts": 3,
          "retryReasons": [],
          "status": "passed",
          "title": "should filter alarms by status"
        },
        {
          "ancestorTitles": ["useFaults (MSW)", "useAlarms - fetch alarms"],
          "duration": 142,
          "failureDetails": [],
          "failureMessages": [],
          "fullName": "useFaults (MSW) useAlarms - fetch alarms should filter alarms by source",
          "invocations": 1,
          "location": null,
          "numPassingAsserts": 3,
          "retryReasons": [],
          "status": "passed",
          "title": "should filter alarms by source"
        },
        {
          "ancestorTitles": ["useFaults (MSW)", "useAlarms - fetch alarms"],
          "duration": 62,
          "failureDetails": [],
          "failureMessages": [],
          "fullName": "useFaults (MSW) useAlarms - fetch alarms should handle pagination",
          "invocations": 1,
          "location": null,
          "numPassingAsserts": 3,
          "retryReasons": [],
          "status": "passed",
          "title": "should handle pagination"
        },
        {
          "ancestorTitles": ["useFaults (MSW)", "useAlarms - fetch alarms"],
          "duration": 238,
          "failureDetails": [],
          "failureMessages": [],
          "fullName": "useFaults (MSW) useAlarms - fetch alarms should handle fetch error",
          "invocations": 1,
          "location": null,
          "numPassingAsserts": 2,
          "retryReasons": [],
          "status": "passed",
          "title": "should handle fetch error"
        },
        {
          "ancestorTitles": ["useFaults (MSW)", "useAlarmStatistics"],
          "duration": 80,
          "failureDetails": [],
          "failureMessages": [],
          "fullName": "useFaults (MSW) useAlarmStatistics should fetch statistics successfully",
          "invocations": 1,
          "location": null,
          "numPassingAsserts": 5,
          "retryReasons": [],
          "status": "passed",
          "title": "should fetch statistics successfully"
        },
        {
          "ancestorTitles": ["useFaults (MSW)", "useAlarmStatistics"],
          "duration": 54,
          "failureDetails": [],
          "failureMessages": [],
[...]
          "numPassingAsserts": 3,
          "retryReasons": [],
          "status": "passed",
          "title": "should include execution mode"
        },
        {
          "ancestorTitles": ["useScheduler (MSW)", "useJobChain"],
          "duration": 58,
          "failureDetails": [],
          "failureMessages": [],
          "fullName": "useScheduler (MSW) useJobChain should fetch single job chain",
          "invocations": 1,
          "location": null,
          "numPassingAsserts": 4,
          "retryReasons": [],
          "status": "passed",
          "title": "should fetch single job chain"
        },
        {
          "ancestorTitles": ["useScheduler (MSW)", "useJobChain"],
          "duration": 1,
          "failureDetails": [],
          "failureMessages": [],
          "fullName": "useScheduler (MSW) useJobChain should not fetch when chainId is null",
          "invocations": 1,
          "location": null,
          "numPassingAsserts": 2,
          "retryReasons": [],
          "status": "passed",
          "title": "should not fetch when chainId is null"
        },
        {
          "ancestorTitles": ["useScheduler (MSW)", "useCreateJobChain"],
          "duration": 16,
          "failureDetails": [],
          "failureMessages": [],
          "fullName": "useScheduler (MSW) useCreateJobChain should create job chain successfully",
          "invocations": 1,
          "location": null,
          "numPassingAsserts": 3,
          "retryReasons": [],
          "status": "passed",
          "title": "should create job chain successfully"
        },
        {
          "ancestorTitles": ["useScheduler (MSW)", "useCreateJobChain"],
          "duration": 12,
          "failureDetails": [],
          "failureMessages": [],
          "fullName": "useScheduler (MSW) useCreateJobChain should create chain with parallel execution",
          "invocations": 1,
          "location": null,
          "numPassingAsserts": 1,
          "retryReasons": [],
          "status": "passed",
          "title": "should create chain with parallel execution"
        },
        {
          "ancestorTitles": ["useScheduler (MSW)", "useExecuteJobChain"],
          "duration": 16,
          "failureDetails": [],
          "failureMessages": [],
          "fullName": "useScheduler (MSW) useExecuteJobChain should execute job chain successfully",
          "invocations": 1,
          "location": null,
          "numPassingAsserts": 3,
          "retryReasons": [],
          "status": "passed",
          "title": "should execute job chain successfully"
        },
        {
          "ancestorTitles": ["useScheduler (MSW)", "useExecuteJobChain"],
          "duration": 11,
          "failureDetails": [],
          "failureMessages": [],
          "fullName": "useScheduler (MSW) useExecuteJobChain should handle chain not found",
          "invocations": 1,
          "location": null,
          "numPassingAsserts": 2,
          "retryReasons": [],
          "status": "passed",
          "title": "should handle chain not found"
        },
        {
          "ancestorTitles": ["useScheduler (MSW)", "Real-world scenarios"],
          "duration": 58,
          "failureDetails": [],
          "failureMessages": [],
          "fullName": "useScheduler (MSW) Real-world scenarios should handle mixed scheduled jobs and chains",
          "invocations": 1,
          "location": null,
          "numPassingAsserts": 4,
          "retryReasons": [],
          "status": "passed",
          "title": "should handle mixed scheduled jobs and chains"
        },
        {
          "ancestorTitles": ["useScheduler (MSW)", "Real-world scenarios"],
          "duration": 18,
          "failureDetails": [],
          "failureMessages": [],
          "fullName": "useScheduler (MSW) Real-world scenarios should handle scheduled job lifecycle",
          "invocations": 1,
          "location": null,
          "numPassingAsserts": 1,
          "retryReasons": [],
          "status": "passed",
          "title": "should handle scheduled job lifecycle"
        },
        {
          "ancestorTitles": ["useScheduler (MSW)", "Real-world scenarios"],
          "duration": 6,
          "failureDetails": [],
          "failureMessages": [],
          "fullName": "useScheduler (MSW) Real-world scenarios should handle job chain execution flow",
          "invocations": 1,
          "location": null,
          "numPassingAsserts": 2,
          "retryReasons": [],
          "status": "passed",
          "title": "should handle job chain execution flow"
        },
        {
          "ancestorTitles": ["useScheduler (MSW)", "Real-world scenarios"],
          "duration": 55,
          "failureDetails": [],
          "failureMessages": [],
          "fullName": "useScheduler (MSW) Real-world scenarios should handle complex chain definition",
          "invocations": 1,
          "location": null,
          "numPassingAsserts": 5,
          "retryReasons": [],
          "status": "passed",
          "title": "should handle complex chain definition"
        }
      ],
      "endTime": 1763287176766,
      "message": "",
      "name": "/Users/michaelayoade/Downloads/Projects/dotmac-ftth-ops/frontend/apps/isp-ops-app/hooks/__tests__/useScheduler.msw.test.tsx",
      "startTime": 1763287173935,
      "status": "passed",
      "summary": ""
    },
    {
      "assertionResults": [
        {
          "ancestorTitles": ["useCampaigns hooks (MSW)", "useCampaigns query"],
          "duration": 57,
          "failureDetails": [],
          "failureMessages": [],
          "fullName": "useCampaigns hooks (MSW) useCampaigns query should fetch campaigns successfully",
          "invocations": 1,
          "location": null,
          "numPassingAsserts": 3,
          "retryReasons": [],
          "status": "passed",
          "title": "should fetch campaigns successfully"
        },
        {
          "ancestorTitles": ["useCampaigns hooks (MSW)", "useCampaigns query"],
          "duration": 53,
          "failureDetails": [],
          "failureMessages": [],
          "fullName": "useCampaigns hooks (MSW) useCampaigns query should fetch multiple campaigns",
          "invocations": 1,
          "location": null,
          "numPassingAsserts": 5,
          "retryReasons": [],
          "status": "passed",
          "title": "should fetch multiple campaigns"
        },
        {
          "ancestorTitles": ["useCampaigns hooks (MSW)", "useCampaigns query"],
          "duration": 55,
          "failureDetails": [],
          "failureMessages": [],
          "fullName": "useCampaigns hooks (MSW) useCampaigns query should handle empty campaigns array",
          "invocations": 1,
          "location": null,
          "numPassingAsserts": 3,
          "retryReasons": [],
          "status": "passed",
          "title": "should handle empty campaigns array"
        },
        {
          "ancestorTitles": ["useCampaigns hooks (MSW)", "useCampaigns query"],
          "duration": 54,
          "failureDetails": [],
          "failureMessages": [],
          "fullName": "useCampaigns hooks (MSW) useCampaigns query should handle fetch error",
          "invocations": 1,
          "location": null,
          "numPassingAsserts": 2,
          "retryReasons": [],
          "status": "passed",
          "title": "should handle fetch error"
        },
        {
          "ancestorTitles": ["useCampaigns hooks (MSW)", "useCampaigns query"],
          "duration": 56,
          "failureDetails": [],
          "failureMessages": [],
          "fullName": "useCampaigns hooks (MSW) useCampaigns query should set loading state correctly",
          "invocations": 1,
          "location": null,
          "numPassingAsserts": 2,
          "retryReasons": [],
          "status": "passed",
          "title": "should set loading state correctly"
        },
        {
          "ancestorTitles": ["useCampaigns hooks (MSW)", "useCampaigns with active filter"],
          "duration": 52,
          "failureDetails": [],
          "failureMessages": [],
          "fullName": "useCampaigns hooks (MSW) useCampaigns with active filter should filter active campaigns (active: true)",
          "invocations": 1,
          "location": null,
          "numPassingAsserts": 3,
          "retryReasons": [],
          "status": "passed",
          "title": "should filter active campaigns (active: true)"
        },
        {
          "ancestorTitles": ["useCampaigns hooks (MSW)", "useCampaigns with active filter"],
          "duration": 55,
          "failureDetails": [],
          "failureMessages": [],
          "fullName": "useCampaigns hooks (MSW) useCampaigns with active filter should filter inactive campaigns (active: false)",
          "invocations": 1,
          "location": null,
          "numPassingAsserts": 3,
          "retryReasons": [],
          "status": "passed",
          "title": "should filter inactive campaigns (active: false)"
        },
        {
          "ancestorTitles": ["useCampaigns hooks (MSW)", "useCampaigns with active filter"],
          "duration": 55,
          "failureDetails": [],
          "failureMessages": [],
          "fullName": "useCampaigns hooks (MSW) useCampaigns with active filter should fetch all campaigns when active is undefined",
          "invocations": 1,
          "location": null,
          "numPassingAsserts": 2,
          "retryReasons": [],
          "status": "passed",
          "title": "should fetch all campaigns when active is undefined"
        },
        {
          "ancestorTitles": ["useCampaigns hooks (MSW)", "useCampaigns with active filter"],
          "duration": 56,
          "failureDetails": [],
          "failureMessages": [],
          "fullName": "useCampaigns hooks (MSW) useCampaigns with active filter should fetch all campaigns when no options provided",
          "invocations": 1,
          "location": null,
          "numPassingAsserts": 2,
          "retryReasons": [],
          "status": "passed",
          "title": "should fetch all campaigns when no options provided"
        },
        {
          "ancestorTitles": ["useCampaigns hooks (MSW)", "query key generation"],
          "duration": 56,
          "failureDetails": [],
          "failureMessages": [],
          "fullName": "useCampaigns hooks (MSW) query key generation should generate correct query key with active: true",
          "invocations": 1,
          "location": null,
          "numPassingAsserts": 2,
          "retryReasons": [],
          "status": "passed",
          "title": "should generate correct query key with active: true"
        },
        {
          "ancestorTitles": ["useCampaigns hooks (MSW)", "query key generation"],
          "duration": 56,
          "failureDetails": [],
          "failureMessages": [],
          "fullName": "useCampaigns hooks (MSW) query key generation should generate correct query key with active: false",
          "invocations": 1,
          "location": null,
          "numPassingAsserts": 2,
          "retryReasons": [],
          "status": "passed",
          "title": "should generate correct query key with active: false"
        },
        {
          "ancestorTitles": ["useCampaigns hooks (MSW)", "query key generation"],
          "duration": 55,
          "failureDetails": [],
          "failureMessages": [],
          "fullName": "useCampaigns hooks (MSW) query key generation should generate correct query key with active: null",
          "invocations": 1,
          "location": null,
          "numPassingAsserts": 2,
          "retryReasons": [],
          "status": "passed",
          "title": "should generate correct query key with active: null"
        },
        {
          "ancestorTitles": ["useCampaigns hooks (MSW)", "staleTime configuration"],
          "duration": 60,
          "failureDetails": [],
          "failureMessages": [],
          "fullName": "useCampaigns hooks (MSW) staleTime configuration should use 30 second stale time",
          "invocations": 1,
          "location": null,
          "numPassingAsserts": 2,
          "retryReasons": [],
          "status": "passed",
          "title": "should use 30 second stale time"
        },
        {
          "ancestorTitles": ["useCampaigns hooks (MSW)", "campaign properties"],
          "duration": 55,
          "failureDetails": [],
          "failureMessages": [],
          "fullName": "useCampaigns hooks (MSW) campaign properties should include all campaign properties",
          "invocations": 1,
          "location": null,
          "numPassingAsserts": 4,
          "retryReasons": [],
          "status": "passed",
          "title": "should include all campaign properties"
        },
        {
          "ancestorTitles": ["useCampaigns hooks (MSW)", "refetch function"],
          "duration": 63,
          "failureDetails": [],
          "failureMessages": [],
          "fullName": "useCampaigns hooks (MSW) refetch function should expose refetch function",
          "invocations": 1,
          "location": null,
          "numPassingAsserts": 2,
          "retryReasons": [],
          "status": "passed",
          "title": "should expose refetch function"
        },
        {
          "ancestorTitles": ["useCampaigns hooks (MSW)", "useUpdateCampaign mutation"],
          "duration": 6,
          "failureDetails": [],
          "failureMessages": [],
          "fullName": "useCampaigns hooks (MSW) useUpdateCampaign mutation should update campaign status successfully",
          "invocations": 1,
          "location": null,
          "numPassingAsserts": 2,
          "retryReasons": [],
          "status": "passed",
          "title": "should update campaign status successfully"
        },
        {
          "ancestorTitles": ["useCampaigns hooks (MSW)", "useUpdateCampaign mutation"],
          "duration": 5,
          "failureDetails": [],
          "failureMessages": [],
          "fullName": "useCampaigns hooks (MSW) useUpdateCampaign mutation should update campaign priority successfully",
          "invocations": 1,
          "location": null,
          "numPassingAsserts": 2,
          "retryReasons": [],
          "status": "passed",
          "title": "should update campaign priority successfully"
        },
        {
          "ancestorTitles": ["useCampaigns hooks (MSW)", "useUpdateCampaign mutation"],
          "duration": 14,
          "failureDetails": [],
          "failureMessages": [],
          "fullName": "useCampaigns hooks (MSW) useUpdateCampaign mutation should update both is_active and priority",
          "invocations": 1,
          "location": null,
          "numPassingAsserts": 1,
          "retryReasons": [],
          "status": "passed",
          "title": "should update both is_active and priority"
        },
        {
          "ancestorTitles": ["useCampaigns hooks (MSW)", "useUpdateCampaign mutation"],
          "duration": 5,
          "failureDetails": [],
          "failureMessages": [],
          "fullName": "useCampaigns hooks (MSW) useUpdateCampaign mutation should handle additional data properties",
          "invocations": 1,
          "location": null,
          "numPassingAsserts": 1,
          "retryReasons": [],
          "status": "passed",
          "title": "should handle additional data properties"
        },
        {
          "ancestorTitles": ["useCampaigns hooks (MSW)", "useUpdateCampaign mutation"],
          "duration": 23,
          "failureDetails": [],
          "failureMessages": [],
          "fullName": "useCampaigns hooks (MSW) useUpdateCampaign mutation should handle update error",
          "invocations": 1,
          "location": null,
          "numPassingAsserts": 1,
          "retryReasons": [],
          "status": "passed",
          "title": "should handle update error"
        },
        {
          "ancestorTitles": ["useCampaigns hooks (MSW)", "useUpdateCampaign mutation"],
          "duration": 5,
          "failureDetails": [],
          "failureMessages": [],
          "fullName": "useCampaigns hooks (MSW) useUpdateCampaign mutation should set isPending state correctly during mutation",
          "invocations": 1,
          "location": null,
          "numPassingAsserts": 2,
          "retryReasons": [],
          "status": "passed",
          "title": "should set isPending state correctly during mutation"
        },
        {
          "ancestorTitles": ["useCampaigns hooks (MSW)", "cache invalidation"],
          "duration": 57,
          "failureDetails": [],
          "failureMessages": [],
          "fullName": "useCampaigns hooks (MSW) cache invalidation should call onSuccess callback after successful update",
          "invocations": 1,
          "location": null,
          "numPassingAsserts": 2,
          "retryReasons": [],
          "status": "passed",
          "title": "should call onSuccess callback after successful update"
        },
        {
          "ancestorTitles": ["useCampaigns hooks (MSW)", "cache invalidation"],
          "duration": 64,
          "failureDetails": [],
          "failureMessages": [],
          "fullName": "useCampaigns hooks (MSW) cache invalidation should successfully update campaign with multiple mutations",
          "invocations": 1,
          "location": null,
          "numPassingAsserts": 2,
          "retryReasons": [],
          "status": "passed",
          "title": "should successfully update campaign with multiple mutations"
        },
        {
          "ancestorTitles": ["useCampaigns hooks (MSW)", "API endpoint construction"],
          "duration": 61,
          "failureDetails": [],
          "failureMessages": [],
          "fullName": "useCampaigns hooks (MSW) API endpoint construction should construct correct API endpoint with campaignId",
          "invocations": 1,
          "location": null,
          "numPassingAsserts": 1,
          "retryReasons": [],
          "status": "passed",
          "title": "should construct correct API endpoint with campaignId"
        },
        {
          "ancestorTitles": ["useCampaigns hooks (MSW)", "API endpoint construction"],
          "duration": 59,
          "failureDetails": [],
          "failureMessages": [],
          "fullName": "useCampaigns hooks (MSW) API endpoint construction should handle special characters in campaignId",
          "invocations": 1,
          "location": null,
          "numPassingAsserts": 1,
          "retryReasons": [],
          "status": "passed",
          "title": "should handle special characters in campaignId"
        },
        {
          "ancestorTitles": ["useCampaigns hooks (MSW)", "mutation error handling"],
          "duration": 4,
          "failureDetails": [],
          "failureMessages": [],
          "fullName": "useCampaigns hooks (MSW) mutation error handling should handle update error",
          "invocations": 1,
          "location": null,
          "numPassingAsserts": 1,
          "retryReasons": [],
          "status": "passed",
          "title": "should handle update error"
        },
        {
          "ancestorTitles": ["useCampaigns hooks (MSW)", "mutation error handling"],
          "duration": 7,
          "failureDetails": [],
          "failureMessages": [],
          "fullName": "useCampaigns hooks (MSW) mutation error handling should handle subsequent mutations after error",
          "invocations": 1,
          "location": null,
          "numPassingAsserts": 3,
          "retryReasons": [],
          "status": "passed",
          "title": "should handle subsequent mutations after error"
        }
      ],
      "endTime": 1763287178431,
      "message": "",
      "name": "/Users/michaelayoade/Downloads/Projects/dotmac-ftth-ops/frontend/apps/isp-ops-app/hooks/__tests__/useCampaigns.msw.test.tsx",
      "startTime": 1763287176792,
      "status": "passed",
      "summary": ""
    }
  ],
  "wasInterrupted": false
}
